DEBUG: Factor received unexpected token: 23 with lexeme: *
Error: unexpected token in factor
OP: = [computed: UNKNOWN, expected: UNKNOWN]
  IDENTIFIER: d [computed: UNKNOWN, expected: UNKNOWN]
  OP: = [computed: UNKNOWN, expected: UNKNOWN]
    IDENTIFIER: b [computed: UNKNOWN, expected: UNKNOWN]
    OP: * [computed: UNKNOWN, expected: UNKNOWN]
      OP: * [computed: UNKNOWN, expected: UNKNOWN]
        IDENTIFIER: c [computed: UNKNOWN, expected: UNKNOWN]
        OP: + [computed: UNKNOWN, expected: UNKNOWN]
          IDENTIFIER: a [computed: UNKNOWN, expected: UNKNOWN]
          IDENTIFIER: b [computed: UNKNOWN, expected: UNKNOWN]
---------------------- 
Symbol table Contents
Name | Type | Value
----------------------
c  |  INT   30
b  |  INT   20
d  |  INT   (uninitialized)
a  |  INT   10
